[    0.000000] Initializing cgroup subsys cpuset
[    0.000000] Initializing cgroup subsys cpu
[    0.000000] Initializing cgroup subsys cpuacct
[    0.000000] Linux version 4.4.0-203-generic (buildd@lcy01-amd64-027) (gcc version 5.4.0 20160609 (Ubuntu 5.4.0-6ubuntu1~16.04.12) ) #235-Ubuntu SMP Tue Feb 2 02:49:08 UTC 2021 (Ubuntu 4.4.0-203.235-generic 4.4.249)
[    0.000000] Command line: BOOT_IMAGE=/boot/vmlinuz-4.4.0-203-generic root=LABEL=cloudimg-rootfs ro console=tty1 console=ttyS0
[    0.000000] KERNEL supported cpus:
[    0.000000]   Intel GenuineIntel
[    0.000000]   AMD AuthenticAMD
[    0.000000]   Centaur CentaurHauls
[    0.000000] x86/fpu: xstate_offset[2]:  576, xstate_sizes[2]:  256
[    0.000000] x86/fpu: Supporting XSAVE feature 0x01: 'x87 floating point registers'
[    0.000000] x86/fpu: Supporting XSAVE feature 0x02: 'SSE registers'
[    0.000000] x86/fpu: Supporting XSAVE feature 0x04: 'AVX registers'
[    0.000000] x86/fpu: Enabled xstate features 0x7, context size is 832 bytes, using 'standard' format.
[    0.000000] e820: BIOS-provided physical RAM map:
[    0.000000] BIOS-e820: [mem 0x0000000000000000-0x000000000009fbff] usable
[    0.000000] BIOS-e820: [mem 0x000000000009fc00-0x000000000009ffff] reserved
[    0.000000] BIOS-e820: [mem 0x00000000000f0000-0x00000000000fffff] reserved
[    0.000000] BIOS-e820: [mem 0x0000000000100000-0x000000001ffeffff] usable
[    0.000000] BIOS-e820: [mem 0x000000001fff0000-0x000000001fffffff] ACPI data
[    0.000000] BIOS-e820: [mem 0x00000000fec00000-0x00000000fec00fff] reserved
[    0.000000] BIOS-e820: [mem 0x00000000fee00000-0x00000000fee00fff] reserved
[    0.000000] BIOS-e820: [mem 0x00000000fffc0000-0x00000000ffffffff] reserved
[    0.000000] NX (Execute Disable) protection: active
[    0.000000] SMBIOS 2.5 present.
[    0.000000] Hypervisor detected: KVM
[    0.000000] Kernel/User page tables isolation: disabled
[    0.000000] e820: last_pfn = 0x1fff0 max_arch_pfn = 0x400000000
[    0.000000] MTRR: Disabled
[    0.000000] x86/PAT: MTRRs disabled, skipping PAT initialization too.
[    0.000000] CPU MTRRs all blank - virtualized system.
[    0.000000] x86/PAT: Configuration [0-7]: WB  WT  UC- UC  WB  WT  UC- UC  
[    0.000000] found SMP MP-table at [mem 0x0009fff0-0x0009ffff] mapped at [ffff88000009fff0]
[    0.000000] Scanning 1 areas for low memory corruption
[    0.000000] RAMDISK: [mem 0x1e977000-0x1f7fffff]
[    0.000000] ACPI: Early table checksum verification disabled
[    0.000000] ACPI: RSDP 0x00000000000E0000 000024 (v02 VBOX  )
[    0.000000] ACPI: XSDT 0x000000001FFF0030 00003C (v01 VBOX   VBOXXSDT 00000001 ASL  00000061)
[    0.000000] ACPI: FACP 0x000000001FFF00F0 0000F4 (v04 VBOX   VBOXFACP 00000001 ASL  00000061)
[    0.000000] ACPI: DSDT 0x000000001FFF0470 002325 (v02 VBOX   VBOXBIOS 00000002 INTL 20100528)
[    0.000000] ACPI: FACS 0x000000001FFF0200 000040
[    0.000000] ACPI: FACS 0x000000001FFF0200 000040
[    0.000000] ACPI: APIC 0x000000001FFF0240 00005C (v02 VBOX   VBOXAPIC 00000001 ASL  00000061)
[    0.000000] ACPI: SSDT 0x000000001FFF02A0 0001CC (v01 VBOX   VBOXCPUT 00000002 INTL 20100528)
[    0.000000] No NUMA configuration found
[    0.000000] Faking a node at [mem 0x0000000000000000-0x000000001ffeffff]
[    0.000000] NODE_DATA(0) allocated [mem 0x1ffeb000-0x1ffeffff]
[    0.000000] kvm-clock: Using msrs 4b564d01 and 4b564d00
[    0.000000] kvm-clock: cpu 0, msr 0:1ffe3001, primary cpu clock
[    0.000000] kvm-clock: using sched offset of 3221512790 cycles
[    0.000000] clocksource: kvm-clock: mask: 0xffffffffffffffff max_cycles: 0x1cd42e4dffb, max_idle_ns: 881590591483 ns
[    0.000000] Zone ranges:
[    0.000000]   DMA      [mem 0x0000000000001000-0x0000000000ffffff]
[    0.000000]   DMA32    [mem 0x0000000001000000-0x000000001ffeffff]
[    0.000000]   Normal   empty
[    0.000000]   Device   empty
[    0.000000] Movable zone start for each node
[    0.000000] Early memory node ranges
[    0.000000]   node   0: [mem 0x0000000000001000-0x000000000009efff]
[    0.000000]   node   0: [mem 0x0000000000100000-0x000000001ffeffff]
[    0.000000] Initmem setup node 0 [mem 0x0000000000001000-0x000000001ffeffff]
[    0.000000] ACPI: PM-Timer IO Port: 0x4008
[    0.000000] IOAPIC[0]: apic_id 2, version 32, address 0xfec00000, GSI 0-23
[    0.000000] ACPI: INT_SRC_OVR (bus 0 bus_irq 0 global_irq 2 dfl dfl)
[    0.000000] ACPI: INT_SRC_OVR (bus 0 bus_irq 9 global_irq 9 low level)
[    0.000000] Using ACPI (MADT) for SMP configuration information
[    0.000000] smpboot: Allowing 2 CPUs, 0 hotplug CPUs
[    0.000000] PM: Registered nosave memory: [mem 0x00000000-0x00000fff]
[    0.000000] PM: Registered nosave memory: [mem 0x0009f000-0x0009ffff]
[    0.000000] PM: Registered nosave memory: [mem 0x000a0000-0x000effff]
[    0.000000] PM: Registered nosave memory: [mem 0x000f0000-0x000fffff]
[    0.000000] e820: [mem 0x20000000-0xfebfffff] available for PCI devices
[    0.000000] Booting paravirtualized kernel on KVM
[    0.000000] clocksource: refined-jiffies: mask: 0xffffffff max_cycles: 0xffffffff, max_idle_ns: 7645519600211568 ns
[    0.000000] setup_percpu: NR_CPUS:512 nr_cpumask_bits:512 nr_cpu_ids:2 nr_node_ids:1
[    0.000000] PERCPU: Embedded 33 pages/cpu @ffff88001fc00000 s95640 r8192 d31336 u1048576
[    0.000000] Built 1 zonelists in Node order, mobility grouping on.  Total pages: 128888
[    0.000000] Policy zone: DMA32
[    0.000000] Kernel command line: BOOT_IMAGE=/boot/vmlinuz-4.4.0-203-generic root=LABEL=cloudimg-rootfs ro console=tty1 console=ttyS0
[    0.000000] PID hash table entries: 2048 (order: 2, 16384 bytes)
[    0.000000] Memory: 481576K/523832K available (8641K kernel code, 1337K rwdata, 4044K rodata, 1496K init, 1296K bss, 42256K reserved, 0K cma-reserved)
[    0.000000] SLUB: HWalign=64, Order=0-3, MinObjects=0, CPUs=2, Nodes=1
[    0.000000] Hierarchical RCU implementation.
[    0.000000] 	Build-time adjustment of leaf fanout to 64.
[    0.000000] 	RCU restricting CPUs from NR_CPUS=512 to nr_cpu_ids=2.
[    0.000000] RCU: Adjusting geometry for rcu_fanout_leaf=64, nr_cpu_ids=2
[    0.000000] NR_IRQS:33024 nr_irqs:440 16
[    0.000000] Console: colour VGA+ 80x25
[    0.000000] console [tty1] enabled
[    0.000000] console [ttyS0] enabled
[    0.000000] tsc: Detected 1992.004 MHz processor
[    0.136999] Calibrating delay loop (skipped) preset value.. 3984.00 BogoMIPS (lpj=7968016)
[    0.138603] pid_max: default: 32768 minimum: 301
[    0.139547] ACPI: Core revision 20150930
[    0.141990] ACPI: 2 ACPI AML tables successfully acquired and loaded
[    0.143448] Security Framework initialized
[    0.144252] Yama: becoming mindful.
[    0.145182] AppArmor: AppArmor initialized
[    0.146290] Dentry cache hash table entries: 65536 (order: 7, 524288 bytes)
[    0.147518] Inode-cache hash table entries: 32768 (order: 6, 262144 bytes)
[    0.148693] Mount-cache hash table entries: 1024 (order: 1, 8192 bytes)
[    0.149858] Mountpoint-cache hash table entries: 1024 (order: 1, 8192 bytes)
[    0.151171] Initializing cgroup subsys io
[    0.152219] Initializing cgroup subsys memory
[    0.153053] Initializing cgroup subsys devices
[    0.153999] Initializing cgroup subsys freezer
[    0.154962] Initializing cgroup subsys net_cls
[    0.155819] Initializing cgroup subsys perf_event
[    0.156747] Initializing cgroup subsys net_prio
[    0.157605] Initializing cgroup subsys hugetlb
[    0.158461] Initializing cgroup subsys pids
[    0.171957] mce: CPU supports 0 MCE banks
[    0.173109] Last level iTLB entries: 4KB 64, 2MB 8, 4MB 8
[    0.174375] Last level dTLB entries: 4KB 64, 2MB 0, 4MB 0, 1GB 4
[    0.175516] Spectre V1 : Mitigation: usercopy/swapgs barriers and __user pointer sanitization
[    0.177307] Spectre V2 : Mitigation: Full generic retpoline
[    0.178441] Spectre V2 : Spectre v2 / SpectreRSB mitigation: Filling RSB on context switch
[    0.180184] Speculative Store Bypass: Vulnerable
[    0.181158] SRBDS: Unknown: Dependent on hypervisor status
[    0.182330] MDS: Mitigation: Clear CPU buffers
[    0.185833] Freeing SMP alternatives memory: 36K
[    0.192635] ftrace: allocating 32366 entries in 127 pages
[    0.245813] smpboot: APIC(0) Converting physical 0 to logical package 0
[    0.247005] smpboot: Max logical packages: 1
[    0.248076] x2apic enabled
[    0.248931] Switched APIC routing to physical x2apic.
[    0.251004] ..TIMER: vector=0x30 apic1=0 pin1=2 apic2=-1 pin2=-1
[    0.360125] smpboot: CPU0: Intel(R) Core(TM) i7-8565U CPU @ 1.80GHz (family: 0x6, model: 0x8e, stepping: 0xb)
[    0.362927] Performance Events: unsupported p6 CPU model 142 no PMU driver, software events only.
[    0.371996] KVM setup paravirtual spinlock
[    0.373915] x86: Booting SMP configuration:
[    0.374829] .... node  #0, CPUs:      #1
[    0.375797] kvm-clock: cpu 1, msr 0:1ffe3041, secondary cpu clock
[    0.388406] mce: CPU supports 0 MCE banks
[    0.390909] x86: Booted up 1 node, 2 CPUs
[    0.391960] smpboot: Total of 2 processors activated (7968.01 BogoMIPS)
[    0.393515] devtmpfs: initialized
[    0.395778] evm: security.selinux
[    0.396655] evm: security.SMACK64
[    0.397439] evm: security.SMACK64EXEC
[    0.398183] evm: security.SMACK64TRANSMUTE
[    0.398990] evm: security.SMACK64MMAP
[    0.399809] evm: security.ima
[    0.400570] evm: security.capability
[    0.401678] clocksource: jiffies: mask: 0xffffffff max_cycles: 0xffffffff, max_idle_ns: 7645041785100000 ns
[    0.403553] futex hash table entries: 512 (order: 3, 32768 bytes)
[    0.404833] pinctrl core: initialized pinctrl subsystem
[    0.405874] RTC time: 13:47:15, date: 03/04/21
[    0.407068] NET: Registered protocol family 16
[    0.418210] cpuidle: using governor ladder
[    0.430048] cpuidle: using governor menu
[    0.430903] PCCT header not found.
[    0.431811] ACPI: bus type PCI registered
[    0.432671] acpiphp: ACPI Hot Plug PCI Controller Driver version: 0.5
[    0.433943] PCI: Using configuration type 1 for base access
[    0.446619] ACPI: Added _OSI(Module Device)
[    0.447534] ACPI: Added _OSI(Processor Device)
[    0.448390] ACPI: Added _OSI(3.0 _SCP Extensions)
[    0.449266] ACPI: Added _OSI(Processor Aggregator Device)
[    0.450775] ACPI: Executed 1 blocks of module-level executable AML code
[    0.453981] ACPI: Interpreter enabled
[    0.454772] ACPI: (supports S0 S5)
[    0.455653] ACPI: Using IOAPIC for interrupt routing
[    0.456719] PCI: Using host bridge windows from ACPI; if necessary, use "pci=nocrs" and report a bug
[    0.461244] ACPI: PCI Root Bridge [PCI0] (domain 0000 [bus 00-ff])
[    0.462339] acpi PNP0A03:00: _OSC: OS supports [ASPM ClockPM Segments MSI]
[    0.463888] acpi PNP0A03:00: _OSC: not requesting OS control; OS requires [ExtendedConfig ASPM ClockPM MSI]
[    0.465800] acpi PNP0A03:00: fail to add MMCONFIG information, can't access extended PCI configuration space under this bridge.
[    0.468077] PCI host bridge to bus 0000:00
[    0.468879] pci_bus 0000:00: root bus resource [io  0x0000-0x0cf7 window]
[    0.470083] pci_bus 0000:00: root bus resource [io  0x0d00-0xffff window]
[    0.471252] pci_bus 0000:00: root bus resource [mem 0x000a0000-0x000bffff window]
[    0.472763] pci_bus 0000:00: root bus resource [mem 0x20000000-0xfdffffff window]
[    0.474290] pci_bus 0000:00: root bus resource [bus 00-ff]
[    0.476977] pci 0000:00:01.1: legacy IDE quirk: reg 0x10: [io  0x01f0-0x01f7]
[    0.478268] pci 0000:00:01.1: legacy IDE quirk: reg 0x14: [io  0x03f6]
[    0.479696] pci 0000:00:01.1: legacy IDE quirk: reg 0x18: [io  0x0170-0x0177]
[    0.490795] pci 0000:00:01.1: legacy IDE quirk: reg 0x1c: [io  0x0376]
[    0.500799] pci 0000:00:07.0: quirk: [io  0x4000-0x403f] claimed by PIIX4 ACPI
[    0.502231] pci 0000:00:07.0: quirk: [io  0x4100-0x410f] claimed by PIIX4 SMB
[    0.509117] ACPI: PCI Interrupt Link [LNKA] (IRQs 5 9 10 *11)
[    0.510793] ACPI: PCI Interrupt Link [LNKB] (IRQs 5 9 *10 11)
[    0.512707] ACPI: PCI Interrupt Link [LNKC] (IRQs 5 *9 10 11)
[    0.514355] ACPI: PCI Interrupt Link [LNKD] (IRQs 5 9 10 *11)
[    0.516230] ACPI: Enabled 2 GPEs in block 00 to 07
[    0.517714] vgaarb: setting as boot device: PCI:0000:00:02.0
[    0.518711] vgaarb: device added: PCI:0000:00:02.0,decodes=io+mem,owns=io+mem,locks=none
[    0.520637] vgaarb: loaded
[    0.521249] vgaarb: bridge control possible 0000:00:02.0
[    0.522368] SCSI subsystem initialized
[    0.523289] ACPI: bus type USB registered
[    0.524208] usbcore: registered new interface driver usbfs
[    0.525262] usbcore: registered new interface driver hub
[    0.526250] usbcore: registered new device driver usb
[    0.527848] PCI: Using ACPI for IRQ routing
[    0.529549] NetLabel: Initializing
[    0.530389] NetLabel:  domain hash size = 128
[    0.531350] NetLabel:  protocols = UNLABELED CIPSOv4
[    0.532605] NetLabel:  unlabeled traffic allowed by default
[    0.533856] amd_nb: Cannot enumerate AMD northbridges
[    0.534905] clocksource: Switched to clocksource kvm-clock
[    0.542963] AppArmor: AppArmor Filesystem Enabled
[    0.544021] pnp: PnP ACPI init
[    0.545515] pnp: PnP ACPI: found 3 devices
[    0.555687] clocksource: acpi_pm: mask: 0xffffff max_cycles: 0xffffff, max_idle_ns: 2085701024 ns
[    0.557452] NET: Registered protocol family 2
[    0.558478] TCP established hash table entries: 4096 (order: 3, 32768 bytes)
[    0.560034] TCP bind hash table entries: 4096 (order: 4, 65536 bytes)
[    0.561306] TCP: Hash tables configured (established 4096 bind 4096)
[    0.562718] UDP hash table entries: 256 (order: 1, 8192 bytes)
[    0.564060] UDP-Lite hash table entries: 256 (order: 1, 8192 bytes)
[    0.565276] NET: Registered protocol family 1
[    0.566114] pci 0000:00:00.0: Limiting direct PCI/PCI transfers
[    0.567305] pci 0000:00:01.0: Activating ISA DMA hang workarounds
[    0.568591] Unpacking initramfs...
[    0.769708] Freeing initrd memory: 14884K
[    0.770827] clocksource: tsc: mask: 0xffffffffffffffff max_cycles: 0x396d59a56c3, max_idle_ns: 881590573781 ns
[    0.772872] platform rtc_cmos: registered platform RTC device (no PNP device found)
[    0.774501] Scanning for low memory corruption every 60 seconds
[    0.776133] audit: initializing netlink subsys (disabled)
[    0.777241] audit: type=2000 audit(1614865640.227:1): initialized
[    0.778542] Initialise system trusted keyring
[    0.780352] HugeTLB registered 2 MB page size, pre-allocated 0 pages
[    0.782567] zbud: loaded
[    0.783730] VFS: Disk quotas dquot_6.6.0
[    0.784675] VFS: Dquot-cache hash table entries: 512 (order 0, 4096 bytes)
[    0.786124] squashfs: version 4.0 (2009/01/31) Phillip Lougher
[    0.787632] fuse init (API version 7.23)
[    0.788646] Key type big_key registered
[    0.789482] Allocating IMA MOK and blacklist keyrings.
[    0.792109] Key type asymmetric registered
[    0.792977] Asymmetric key parser 'x509' registered
[    0.793928] Block layer SCSI generic (bsg) driver version 0.4 loaded (major 249)
[    0.795966] io scheduler noop registered
[    0.797024] io scheduler deadline registered (default)
[    0.798100] io scheduler cfq registered
[    0.798942] pci_hotplug: PCI Hot Plug PCI Core version: 0.5
[    0.799984] pciehp: PCI Express Hot Plug Controller Driver version: 0.4
[    0.801467] ACPI: AC Adapter [AC] (on-line)
[    0.802402] input: Power Button as /devices/LNXSYSTM:00/LNXPWRBN:00/input/input0
[    0.804016] ACPI: Power Button [PWRF]
[    0.804913] input: Sleep Button as /devices/LNXSYSTM:00/LNXSLPBN:00/input/input1
[    0.806473] ACPI: Sleep Button [SLPF]
[    0.807477] GHES: HEST is not enabled!
[    0.808054] ACPI: Battery Slot [BAT0] (battery present)
[    0.809515] Serial: 8250/16550 driver, 32 ports, IRQ sharing enabled
[    0.831165] 00:02: ttyS0 at I/O 0x3f8 (irq = 4, base_baud = 115200) is a 16550A
[    0.835672] Linux agpgart interface v0.103
[    0.838505] loop: module loaded
[    0.839701] scsi host0: ata_piix
[    0.840585] scsi host1: ata_piix
[    0.841360] ata1: PATA max UDMA/33 cmd 0x1f0 ctl 0x3f6 bmdma 0xd000 irq 14
[    0.842606] ata2: PATA max UDMA/33 cmd 0x170 ctl 0x376 bmdma 0xd008 irq 15
[    0.843890] libphy: Fixed MDIO Bus: probed
[    0.844727] tun: Universal TUN/TAP device driver, 1.6
[    0.845897] tun: (C) 1999-2004 Max Krasnyansky <maxk@qualcomm.com>
[    0.847313] PPP generic driver version 2.4.2
[    0.848742] ehci_hcd: USB 2.0 'Enhanced' Host Controller (EHCI) Driver
[    0.850109] ehci-pci: EHCI PCI platform driver
[    0.851037] ehci-platform: EHCI generic platform driver
[    0.852088] ohci_hcd: USB 1.1 'Open' Host Controller (OHCI) Driver
[    0.853199] ohci-pci: OHCI PCI platform driver
[    0.854067] ohci-platform: OHCI generic platform driver
[    0.855039] uhci_hcd: USB Universal Host Controller Interface driver
[    0.856280] i8042: PNP: PS/2 Controller [PNP0303:PS2K,PNP0f03:PS2M] at 0x60,0x64 irq 1,12
[    0.858293] serio: i8042 KBD port at 0x60,0x64 irq 1
[    0.859234] serio: i8042 AUX port at 0x60,0x64 irq 12
[    0.860368] mousedev: PS/2 mouse device common for all mice
[    0.861882] input: AT Translated Set 2 keyboard as /devices/platform/i8042/serio0/input/input2
[    0.864349] rtc_cmos rtc_cmos: rtc core: registered rtc_cmos as rtc0
[    0.865539] rtc_cmos rtc_cmos: alarms up to one day, 114 bytes nvram
[    0.866719] i2c /dev entries driver
[    0.867748] device-mapper: uevent: version 1.0.3
[    0.868741] device-mapper: ioctl: 4.34.0-ioctl (2015-10-28) initialised: dm-devel@redhat.com
[    0.870444] ledtrig-cpu: registered to indicate activity on CPUs
[    0.871990] NET: Registered protocol family 10
[    0.873040] NET: Registered protocol family 17
[    0.873949] Key type dns_resolver registered
[    0.875233] registered taskstats version 1
[    0.876025] Loading compiled-in X.509 certificates
[    0.877308] Loaded X.509 cert 'Build time autogenerated kernel key: c0f1dd89d7e09a1955be4fde7c6f946674683c10'
[    0.879495] zswap: loaded using pool lzo/zbud
[    0.882655] Key type trusted registered
[    0.885986] Key type encrypted registered
[    0.886777] AppArmor: AppArmor sha1 policy hashing enabled
[    0.888008] ima: No TPM chip found, activating TPM-bypass!
[    0.889108] ima: Allocated hash algorithm: sha1
[    0.889963] evm: HMAC attrs: 0x1
[    0.890951]   Magic number: 13:893:785
[    0.891841] rtc_cmos rtc_cmos: setting system clock to 2021-03-04 13:47:16 UTC (1614865636)
[    0.893647] BIOS EDD facility v0.16 2004-Jun-25, 0 devices found
[    0.894713] EDD information not available.
[    1.034694] Freeing unused kernel memory: 1496K
[    1.035725] Write protecting the kernel read-only data: 14336k
[    1.037179] Freeing unused kernel memory: 1588K
[    1.038281] Freeing unused kernel memory: 52K
Loading, please wait...
starting version 229
[    1.054338] random: systemd-udevd: uninitialized urandom read (16 bytes read, 3 bits of entropy available)
[    1.054833] random: udevadm: uninitialized urandom read (16 bytes read, 3 bits of entropy available)
[    1.054853] random: udevadm: uninitialized urandom read (16 bytes read, 3 bits of entropy available)
[    1.060481] random: systemd-udevd: uninitialized urandom read (16 bytes read, 3 bits of entropy available)
[    1.061945] random: udevadm: uninitialized urandom read (16 bytes read, 3 bits of entropy available)
[    1.061985] random: udevadm: uninitialized urandom read (16 bytes read, 3 bits of entropy available)
[    1.062103] random: udevadm: uninitialized urandom read (16 bytes read, 3 bits of entropy available)
[    1.062149] random: udevadm: uninitialized urandom read (16 bytes read, 3 bits of entropy available)
[    1.062198] random: udevadm: uninitialized urandom read (16 bytes read, 3 bits of entropy available)
[    1.062270] random: udevadm: uninitialized urandom read (16 bytes read, 3 bits of entropy available)
[    1.101915] e1000: Intel(R) PRO/1000 Network Driver - version 7.3.21-k8-NAPI
[    1.103221] e1000: Copyright (c) 1999-2006 Intel Corporation.
[    1.104373] Fusion MPT base driver 3.04.20
[    1.105258] Copyright (c) 1999-2008 LSI Corporation
[    1.108986] Fusion MPT SPI Host driver 3.04.20
[    1.125403] AVX2 version of gcm_enc/dec engaged.
[    1.126390] AES CTR mode by8 optimization enabled
[    1.308124] input: ImExPS/2 Generic Explorer Mouse as /devices/platform/i8042/serio1/input/input4
[    1.496713] e1000 0000:00:03.0 eth0: (PCI:33MHz:32-bit) 02:67:20:70:eb:1f
[    1.498862] e1000 0000:00:03.0 eth0: Intel(R) PRO/1000 Network Connection
[    1.501697] mptbase: ioc0: Initiating bringup
[    1.502533] e1000 0000:00:03.0 enp0s3: renamed from eth0
[    1.571967] ioc0: LSI53C1030 A0: Capabilities={Initiator}
[    1.735342] scsi host2: ioc0: LSI53C1030 A0, FwRev=00000000h, Ports=1, MaxQ=256, IRQ=20
[    1.851851] scsi 2:0:0:0: Direct-Access     VBOX     HARDDISK         1.0  PQ: 0 ANSI: 5
[    1.853641] scsi target2:0:0: Beginning Domain Validation
[    1.856777] scsi target2:0:0: Domain Validation skipping write tests
[    1.857847] scsi target2:0:0: Ending Domain Validation
[    1.858816] scsi target2:0:0: asynchronous
[    1.860173] scsi 2:0:1:0: Direct-Access     VBOX     HARDDISK         1.0  PQ: 0 ANSI: 5
[    1.861649] scsi target2:0:1: Beginning Domain Validation
[    1.863870] scsi target2:0:1: Domain Validation skipping write tests
[    1.865096] scsi target2:0:1: Ending Domain Validation
[    1.876974] scsi target2:0:1: asynchronous
[    1.883726] sd 2:0:0:0: [sda] 83886080 512-byte logical blocks: (42.9 GB/40.0 GiB)
[    1.884145] sd 2:0:0:0: Attached scsi generic sg0 type 0
[    1.884288] sd 2:0:1:0: Attached scsi generic sg1 type 0
[    1.885004] sd 2:0:1:0: [sdb] 20480 512-byte logical blocks: (10.5 MB/10.0 MiB)
[    1.885141] sd 2:0:1:0: [sdb] Write Protect is off
[    1.885236] sd 2:0:1:0: [sdb] Incomplete mode parameter data
[    1.885237] sd 2:0:1:0: [sdb] Assuming drive cache: write through
[    1.892157] sd 2:0:1:0: [sdb] Attached SCSI disk
[    1.893432] sd 2:0:0:0: [sda] Write Protect is off
[    1.894538] sd 2:0:0:0: [sda] Incomplete mode parameter data
[    1.895593] sd 2:0:0:0: [sda] Assuming drive cache: write through
[    1.898275]  sda: sda1
[    1.900050] sd 2:0:0:0: [sda] Attached SCSI disk
Begin: Loading essential drivers ... [    3.269579] md: linear personality registered for level -1
[    3.272510] md: multipath personality registered for level -4
[    3.275268] md: raid0 personality registered for level 0
[    3.278727] md: raid1 personality registered for level 1
[    3.347113] raid6: sse2x1   gen() 14436 MB/s
[    3.415477] raid6: sse2x1   xor() 10298 MB/s
[    3.482963] raid6: sse2x2   gen() 17512 MB/s
[    3.551123] raid6: sse2x2   xor() 12470 MB/s
[    3.619563] raid6: sse2x4   gen() 19632 MB/s
[    3.687262] raid6: sse2x4   xor() 12846 MB/s
[    3.755101] raid6: avx2x1   gen() 24520 MB/s
[    3.823394] raid6: avx2x2   gen() 31976 MB/s
[    3.891311] raid6: avx2x4   gen() 34592 MB/s
[    3.892254] raid6: using algorithm avx2x4 gen() 34592 MB/s
[    3.893324] raid6: using avx2x2 recovery algorithm
[    3.895305] xor: automatically using best checksumming function:
[    3.935665]    avx       : 26469.000 MB/sec
[    3.937795] async_tx: api initialized (async)
[    3.946158] md: raid6 personality registered for level 6
[    3.947245] md: raid5 personality registered for level 5
[    3.948332] md: raid4 personality registered for level 4
[    3.954626] md: raid10 personality registered for level 10
done.
Begin: Running /scripts/init-premount ... done.
Begin: Mounting root file system ... Begin: Running /scripts/local-top ... done.
Begin: Running /scripts/local-premount ... [    3.980093] Btrfs loaded
Scanning for Btrfs filesystems
done.
Warning: fsck not present, so skipping root file system
[    4.004578] EXT4-fs (sda1): mounted filesystem with ordered data mode. Opts: (null)
done.
Begin: Running /scripts/local-bottom ... done.
Begin: Running /scripts/init-bottom ... done.
[    4.071358] systemd[1]: systemd 229 running in system mode. (+PAM +AUDIT +SELINUX +IMA +APPARMOR +SMACK +SYSVINIT +UTMP +LIBCRYPTSETUP +GCRYPT +GNUTLS +ACL +XZ -LZ4 +SECCOMP +BLKID +ELFUTILS +KMOD -IDN)
[    4.074351] systemd[1]: Detected virtualization oracle.
[    4.075470] systemd[1]: Detected architecture x86-64.

Welcome to [1mUbuntu 16.04.7 LTS[0m!

[    4.084590] systemd[1]: Set hostname to <ubuntu>.
[    4.092373] systemd[1]: Initializing machine ID from random generator.
[    4.094833] systemd[1]: Installed transient /etc/machine-id file.
[    4.202071] systemd[1]: Listening on /dev/initctl Compatibility Named Pipe.
[[0;32m  OK  [0m] Listening on /dev/initctl Compatibility Named Pipe.
[    4.204154] systemd[1]: Listening on Syslog Socket.
[[0;32m  OK  [0m] Listening on Syslog Socket.
[    4.211379] systemd[1]: Listening on LVM2 metadata daemon socket.
[[0;32m  OK  [0m] Listening on LVM2 metadata daemon socket.
[    4.219603] systemd[1]: Created slice User and Session Slice.
[[0;32m  OK  [0m] Created slice User and Session Slice.
[    4.221558] systemd[1]: Reached target System Time Synchronized.
[[0;32m  OK  [0m] Reached target System Time Synchronized.
[    4.223454] systemd[1]: Listening on udev Control Socket.
[[0;32m  OK  [0m] Listening on udev Control Socket.
[    4.225149] systemd[1]: Listening on udev Kernel Socket.
[[0;32m  OK  [0m] Listening on udev Kernel Socket.
[    4.226728] systemd[1]: Reached target User and Group Name Lookups.
[[0;32m  OK  [0m] Reached target User and Group Name Lookups.
[    4.235234] systemd[1]: Listening on Journal Audit Socket.
[[0;32m  OK  [0m] Listening on Journal Audit Socket.
[    4.237186] systemd[1]: Reached target Encrypted Volumes.
[[0;32m  OK  [0m] Reached target Encrypted Volumes.
[    4.238864] systemd[1]: Listening on Journal Socket.
[[0;32m  OK  [0m] Listening on Journal Socket.
[    4.240532] systemd[1]: Listening on Device-mapper event daemon FIFOs.
[[0;32m  OK  [0m] Listening on Device-mapper event daemon FIFOs.
[    4.242548] systemd[1]: Listening on LVM2 poll daemon socket.
[[0;32m  OK  [0m] Listening on LVM2 poll daemon socket.
[    4.244468] systemd[1]: Started Forward Password Requests to Wall Directory Watch.
[[0;32m  OK  [0m] Started Forward Password Requests to Wall Directory Watch.
[    4.251248] systemd[1]: Reached target Swap.
[[0;32m  OK  [0m] Reached target Swap.
[    4.259425] systemd[1]: Listening on Journal Socket (/dev/log).
[[0;32m  OK  [0m] Listening on Journal Socket (/dev/log).
[    4.261542] systemd[1]: Created slice System Slice.
[[0;32m  OK  [0m] Created slice System Slice.
[    4.279981] systemd[1]: Starting Load Kernel Modules...
         Starting Load Kernel Modules...
[    4.287474] Loading iSCSI transport class v2.0-870.
[    4.287826] systemd[1]: Starting Journal Service...
         Starting Journal Service...
[    4.290943] systemd[1]: Starting Nameserver information manager...
         Starting Nameserver information manager...
[    4.293947] systemd[1]: Starting Remount Root and Kernel File Systems...
         Starting Remount Root and Kernel File Systems...
[    4.296607] systemd[1]: Mounting POSIX Message Queue File System...
[    4.296755] iscsi: registered transport (tcp)
         Mounting POSIX Message Queue File System...
[    4.300789] systemd[1]: Starting Monitoring of LVM2 mirrors, snapshots etc. using dmeventd or progress polling...
         Starting Monitoring of LVM2 mirrors... dmeventd or progress polling...
[    4.305524] systemd[1]: Mounting Huge Pages File System...
         Mounting Huge Pages File System...
[    4.307987] systemd[1]: Reached target Slices.
[    4.308972] EXT4-fs (sda1): re-mounted. Opts: (null)
[[0;32m  OK  [0m] Reached target Slices.
[    4.311116] systemd[1]: Starting Set console keymap...
         Starting Set console keymap...
[    4.317380] systemd[1]: Created slice system-serial\x2dgetty.slice.
[[0;32m  OK  [0m] Created slice system-serial\x2dgetty.slice.
[    4.331618] systemd[1]: Starting Uncomplicated firewall...
         Starting Uncomplicated firewall...
[    4.339835] systemd[1]: Mounting Debug File System...
         Mounting Debug File System...
[    4.341719] systemd[1]: Started Trigger resolvconf update for networkd DNS.
[    4.343299] iscsi: registered transport (iser)
[[0;32m  OK  [0m] Started Trigger resolvconf update for networkd DNS.
[    4.345517] systemd[1]: Set up automount Arbitrary Executable File Formats File System Automount Point.
[[0;32m  OK  [0m] Set up automount Arbitrary Executab...ats File System Automount Point.
[    4.352421] systemd[1]: Starting Create list of required static device nodes for the current kernel...
         Starting Create list of required st... nodes for the current kernel...
[    4.361183] systemd[1]: Mounted Huge Pages File System.
[[0;32m  OK  [0m] Mounted Huge Pages File System.
[    4.371243] systemd[1]: Mounted POSIX Message Queue File System.
[[0;32m  OK  [0m] Mounted POSIX Message Queue File System.
[    4.373436] systemd[1]: Mounted Debug File System.
[[0;32m  OK  [0m] Mounted Debug File System.
[    4.375289] systemd[1]: Started Journal Service.
[[0;32m  OK  [0m] Started Journal Service.
[[0;32m  OK  [0m] Started Load Kernel Modules.
[[0;32m  OK  [0m] Started Remount Root and Kernel File Systems.
[[0;32m  OK  [0m] Started Set console keymap.
[[0;32m  OK  [0m] Started Uncomplicated firewall.
[[0;32m  OK  [0m] Started Create list of required sta...ce nodes for the current kernel.
[[0;32m  OK  [0m] Started Nameserver information manager.
[[0;32m  OK  [0m] Started LVM2 metadata daemon.
         Starting Create Static Device Nodes in /dev...
         Starting udev Coldplug all Devices...
         Starting Load/Save Random Seed...
         Mounting FUSE Control File System...
         Starting Apply Kernel Variables...
         Starting Flush Journal to Persistent Storage...
[[0;32m  OK  [0m] Started Load/Save Random Seed.
[[0;32m  OK  [0m] Mounted FUSE Control File System.
[[0;32m  OK  [0m] Started Create Static Device Nodes in /dev.
         Starting udev Kernel Device Manager...
[    4.465107] systemd-journald[368]: Received request to flush runtime journal from PID 1
[[0;32m  OK  [0m] Started Flush Journal to Persistent Storage.
[[0;32m  OK  [0m] Started Apply Kernel Variables.
[[0;32m  OK  [0m] Started udev Kernel Device Manager.
[[0;32m  OK  [0m] Started udev Coldplug all Devices.
[[0;32m  OK  [0m] Started Dispatch Password Requests to Console Directory Watch.
[[0;32m  OK  [0m] Found device /dev/ttyS0.
[[0;32m  OK  [0m] Listening on Load/Save RF Kill Switch Status /dev/rfkill Watch.
[[0;32m  OK  [0m] Started Monitoring of LVM2 mirrors,...ng dmeventd or progress polling.
[[0;32m  OK  [0m] Reached target Local File Systems (Pre).
[[0;32m  OK  [0m] Reached target Local File Systems.
         Starting Create Volatile Files and Directories...
         Starting Commit a transient machine-id on disk...
         Starting Set console font and keymap...
         Starting Tell Plymouth To Write Out Runtime Data...
         Starting Initial cloud-init job (pre-networking)...
         Starting LSB: AppArmor initialization...
[[0;32m  OK  [0m] Started Create Volatile Files and Directories.
[[0;32m  OK  [0m] Started Commit a transient machine-id on disk.
[[0;32m  OK  [0m] Started Tell Plymouth To Write Out Runtime Data.
         Starting Update UTMP about System Boot/Shutdown...
[[0;32m  OK  [0m] Started Update UTMP about System Boot/Shutdown.
[[0;32m  OK  [0m] Started Set console font and keymap.
[[0;32m  OK  [0m] Created slice system-getty.slice.
[    6.164911] cloud-init[624]: Cloud-init v. 20.4.1-0ubuntu1~16.04.1 running 'init-local' at Thu, 04 Mar 2021 13:47:21 +0000. Up 5.77 seconds.
[[0;32m  OK  [0m] Started Initial cloud-init job (pre-networking).
[[0;32m  OK  [0m] Reached target Network (Pre).
[[0;32m  OK  [0m] Started LSB: AppArmor initialization.
         Starting Raise network interfaces...
         Starting Load AppArmor profiles managed internally by snapd...
[[0;32m  OK  [0m] Started Load AppArmor profiles managed internally by snapd.
[[0;32m  OK  [0m] Started Raise network interfaces.
         Starting Initial cloud-init job (metadata service crawler)...
[[0;32m  OK  [0m] Reached target Network.
[    7.512485] cloud-init[947]: Cloud-init v. 20.4.1-0ubuntu1~16.04.1 running 'init' at Thu, 04 Mar 2021 13:47:22 +0000. Up 7.10 seconds.
[    7.513588] cloud-init[947]: ci-info: ++++++++++++++++++++++++++++++++++++++Net device info++++++++++++++++++++++++++++++++++++++
[    7.520987] cloud-init[947]: ci-info: +--------+------+----------------------------+---------------+--------+-------------------+
[    7.528784] cloud-init[947]: ci-info: | Device |  Up  |          Address           |      Mask     | Scope  |     Hw-Address    |
[    7.529852] cloud-init[947]: ci-info: +--------+------+----------------------------+---------------+--------+-------------------+
[    7.536546] cloud-init[947]: ci-info: | enp0s3 | True |         10.0.2.15          | 255.255.255.0 | global | 02:67:20:70:eb:1f |
[    7.544350] cloud-init[947]: ci-info: | enp0s3 | True | fe80::67:20ff:fe70:eb1f/64 |       .       |  link  | 02:67:20:70:eb:1f |
[    7.545576] cloud-init[947]: ci-info: |   lo   | True |         127.0.0.1          |   255.0.0.0   |  host  |         .         |
[    7.546879] cloud-init[947]: ci-info: |   lo   | True |          ::1/128           |       .       |  host  |         .         |
[    7.548266] cloud-init[947]: ci-info: +--------+------+----------------------------+---------------+--------+-------------------+
[    7.549628] cloud-init[947]: ci-info: +++++++++++++++++++++++++++Route IPv4 info++++++++++++++++++++++++++++
[    7.550870] cloud-init[947]: ci-info: +-------+-------------+----------+---------------+-----------+-------+
[    7.552081] cloud-init[947]: ci-info: | Route | Destination | Gateway  |    Genmask    | Interface | Flags |
[    7.553298] cloud-init[947]: ci-info: +-------+-------------+----------+---------------+-----------+-------+
[    7.554490] cloud-init[947]: ci-info: |   0   |   0.0.0.0   | 10.0.2.2 |    0.0.0.0    |   enp0s3  |   UG  |[[0;32m  OK  [0m] Started Initial cloud-init job (metadata service crawler).
[[0;32m  OK  [0m] Reached target System Initialization.

[    7.560262] [[0;32m  OK  [0m] Started ACPI Events Check.
[[0;32m  OK  [0m] Reached target Paths.
cloud-init[947]: ci-info: |   1   |   10.0.2.0  | 0.0.0.0  | 255.255.255.0 |   enp0s3  |   U   |
[    7.568769] [[0;32m  OK  [0m] Started Daily Cleanup of Temporary Directories.
[[0;32m  OK  [0m] Listening on UUID daemon activation socket.
[[0;32m  OK  [0m] Started Message of the Day.
cloud-init[947]: ci-info: +-------+-------------+----------+---------------+-----------+-------+
[    7.571376]          Starting LXD - unix socket.
cloud-init[947]: ci-info: +++++++++++++++++++Route IPv6 info+++++++++++++++++++
[    7.572563]          Starting Socket activation for snappy daemon.
[[0;32m  OK  [0m] Started Daily apt download activities.
[[0;32m  OK  [0m] Listening on ACPID Listen Socket.
[[0;32m  OK  [0m] Listening on D-Bus System Message Bus Socket.
[[0;32m  OK  [0m] Started Daily apt upgrade and clean activities.
[[0;32m  OK  [0m] Reached target Timers.
[[0;32m  OK  [0m] Reached target Cloud-config availability.
[[0;32m  OK  [0m] Reached target Network is Online.
cloud-init[947]: ci-info: +-------+-------------+---------+-----------+-------+
[    7.576901] cloud-init[947]: ci-info: | Route | Destination | Gateway | Interface | Flags |
[    7.584335]          cloud-initStarting iSCSI initiator daemon (iscsid)...[947]: 
ci-info: +-------+-------------+---------+-----------+-------+
[    7.585368] cloud-init[[947]: [0;32m  OK  [0mci-info: |   0   |  fe80::/64  |    ::   |   enp0s3  |   U   |] Listening on LXD - unix socket.

[[0;32m  OK  [0m] Listening on Socket activation for snappy daemon.
[    7.587469] cloud-init[947]: [[0;32m  OK  [0m] Reached target Sockets.
[[0;32m  OK  [0m] Reached target Basic System.
ci-info: |   3   |   ff00::/8  |    ::   |   enp0s3  |   U   |         Starting /etc/rc.local Compatibility...
         Starting LSB: MD monitoring daemon...

[    7.599802] cloud-init[947]: ci-info: +-------+-------------+---------+-----------+-------+
         Starting Virtualbox guest utils...
[    7.601917]          Starting System Logging Service...
cloud-init[947]: Generating public/private rsa key pair.         Starting Pollinate to seed the pseudo random number generator...
         Starting Accounts Service...
         Starting Login Service...

[[0;32m  OK  [0m] Started D-Bus System Message Bus.
[    7.609286] cloud-init[947]: Your identification has been saved in /etc/ssh/ssh_host_rsa_key.
[    7.610832] cloud-init[947]: Your public key has been saved in /etc/ssh/ssh_host_rsa_key.pub.
[    7.612013] cloud-init[947]: The key fingerprint is:
[    7.616553] cloud-init[947]: SHA256:K9lpm9DFPz891D8jRt1vEnC9UwG4m/VqG854k29l/Qs root@ubuntu-xenial
[    7.617763] cloud-init[947]: The key's randomart image is:
[    7.619546] cloud-init[947]: +---[RSA 2048]----+
[    7.621856] cloud-init[947]: |            ...  |
[    7.622627] cloud-init[947]: |           .   . |
[    7.628224] cloud-init[947]: |            .  ..|
[    7.628911] cloud-init[947]: |         . .... o|
[    7.636272] cloud-init[947]: |        S o +oo *|
[    7.637087] cloud-init[947]: |       + + + ..**|
[    7.637853] cloud-init[947]: |      + *   +E++*|
[    7.638635] cloud-init[947]: |       + o  +@==*|
[    7.639338] cloud-init[947]: |        o  .++B*=|
[    7.640106] cloud-init[947]: +----[SHA256]-----+
[    7.640929] cloud-init[947]: Generating public/private dsa key pair.
[    7.641809] cloud-init[947]: Your identification has been saved in /etc/ssh/ssh_host_dsa_key.
[    7.642872] cloud-init[947]: Your public key has been saved in /etc/ssh/ssh_host_dsa_key.pub.
[    7.644211] cloud-init[947]: The key fingerprint is:
[    7.645724] cloud-init[947]: SHA256:ufvvICaa+E5XjTD2Xup0++KDfkZigzZ5YqKUZIaniig root@ubuntu-xenial
[    7.652221] cloud-init[947]: The key's randomart image is:
[    7.652944] cloud-init[947]: +---[DSA 1024]----+
[[0;32m  OK  [0m] Started Deferred execution scheduler.
[[0;32m  OK  [0m] Started ACPI event daemon.
[[0;32m  OK  [0m] Started FUSE filesystem for LXC.
[    7.664070] cloud-init[947]: |                 |
         Starting Snap Daemon...
[    7.674464] [[0;32m  OK  [0m] Started Regular background program processing daemon.
         Starting LSB: Record successful boot for GRUB...
         Starting LXD - container startup/shutdown...
[[0;32m  OK  [0m] Started System Logging Service.
[[0;32m  OK  [0m] Started iSCSI initiator daemon (iscsid).
[[0;32m  OK  [0m] Started /etc/rc.local Compatibility.
cloud-init[947]: |                 |
[    7.687256] cloud-init[947]: | .    +          |
[    7.689929] cloud-init[947]: |. =  . + +       |
[[0;32m  OK  [0m] Started Login Service.
[    7.695070] cloud-init[947]: | * .   oS o      |
[    7.699209] cloud-init[947]: |. o . Bo=+.      |
[    7.704457] [[0;32m  OK  [0m] Started Unattended Upgrades Shutdown.
cloud-init         Starting Authenticate and Authorize Users to Run Privileged Tasks...
         Starting Login to default iSCSI targets...
[947]: |+. ..+o=B=o      |
[[0;32m  OK  [0m] Started LSB: MD monitoring daemon.
[    7.707891] cloud-init[947]: |E .o + =.+=o     |
[    7.730270] cloud-init[947]: |. .o=  .+=+*+    |
[    7.733326] cloud-init[947]: +----[SHA256]-----+
[[0;32m  OK  [0m] Started LSB: Record successful boot for GRUB.
[    7.771545] cloud-init[947]: Generating public/private ecdsa key pair.
[    7.773578] cloud-init[947]: Your identification has been saved in /etc/ssh/ssh_host_ecdsa_key.
[    7.774615] cloud-init[947]: Your public key has been saved in /etc/ssh/ssh_host_ecdsa_key.pub.
[    7.775714] cloud-init[947]: The key fingerprint is:
[[0;32m  OK  [0m] Started Login to default iSCSI targets.
[[0;32m  OK  [0m] Reached target Remote File Systems (Pre).
[[0;32m  OK  [0m] Reached target Remote File Systems.
         Starting LSB: daemon to balance interrupts for SMP systems...
         Starting LSB: automatic crash report generation...
         Starting Permit User Sessions...
         Starting LSB: Set the CPU Frequency Scaling governor to "ondemand"...
[    7.806639] cloud-init[947]: SHA256:/e7H98oJh1bhvlPtgSq/P9+x1eTucRjhg+mVQCdDkdc root@ubuntu-xenial
[    7.830391] cloud-init[947]: The key's randomart image is:
[    7.831005] cloud-init[947]: +---[ECDSA 256]---+
[[0;32m  OK  [0m] Started Virtualbox guest utils.
[    7.841612] cloud-init[947]: |           .*o.. |
[    7.843532] cloud-init[947]: |           ..+. E|
[[0;32m  OK  [0m] Started Permit User Sessions.
[[0;32m  OK  [0m] Started Authenticate and Authorize Users to Run Privileged Tasks.
[[0;32m  OK  [0m] Started Accounts Service.
[    7.846880] cloud-init[947]: |            ..o  |
[    7.866841] cloud-init[947]: |         .   * + |
[    7.868175] cloud-init[947]: |        S . o X o|
[    7.869652] cloud-init[947]: |           o * B+|
[    7.870655] cloud-init[947]: |            B.+=*|
[    7.871606] cloud-init[947]: |         . + =++X|
[    7.872731] cloud-init[947]: |          o+=oBB*|
[    7.874037] cloud-init[947]: +----[SHA256]-----+
[    7.875295] cloud-init[947]: Generating public/private ed25519 key pair.
[    7.881809] cloud-init[947]: Your identification has been saved in /etc/ssh/ssh_host_ed25519_key.
[    7.883423] cloud-init[947]:          Starting Terminate Plymouth Boot Screen...
         Starting Hold until boot process finishes up...
[[0;32m  OK  [0m] Started LXD - container startup/shutdown.
[[0;32m  OK  [0m] Started LSB: automatic crash report generation.
[[0;32m  OK  [0m] Started Hold until boot process finishes up.
[[0;32m  OK  [0m] Started Getty on tty1.
[[0;32m  OK  [0m] Started Serial Getty on ttyS0.
[[0;32m  OK  [0m] Reached target Login Prompts.
         Starting Set console scheme...
[[0;32m  OK  [0m] Started LSB: Set the CPU Frequency Scaling governor to "ondemand".
[[0;32m  OK  [0m] Started Set console scheme.
Your public key has been saved in /etc/ssh/ssh_host_ed25519_key.pub.[[0;32m  OK  [0m] Started LSB: daemon to balance interrupts for SMP systems.

[    7.913494] [[0;32m  OK  [0m] Started Terminate Plymouth Boot Screen.
cloud-init[947]: The key fingerprint is:
[    7.914895] cloud-init[947]: SHA256:RkZmIdS4oQAigdyPQNfMGK+6I++F8Rjrn1guVy6+u8I root@ubuntu-xenial
[    7.916132] cloud-init[947]: The key's randomart image is:
[    7.917936] cloud-init[947]: +--[ED25519 256]--+
[    7.918868] cloud-init[947]: |O+.o*.oo=.       |
[    7.920626] cloud-init[947]: |+ooo.+o=.        |
[    7.924564] cloud-init[947]: |  ..oo oo        |
[    7.925205] cloud-init[947]: |   .o..o         |
[    7.925968] cloud-init[947]: |  o.    S        |
[    7.926519] cloud-init[947]: |  .B  ..         |
[    7.932610] cloud-init[947]: | o+ +o           |
[    7.933733] cloud-init[947]: |.oE=o..          |
[    7.941061] cloud-init[947]: |.+**O=           |
[    7.941645] cloud-init[947]: +----[SHA256]-----+
[[0;32m  OK  [0m] Started Pollinate to seed the pseudo random number generator.
[[0;32m  OK  [0m] Started Snap Daemon.
         Starting Wait until snapd is fully seeded...
         Starting OpenBSD Secure Shell server...
[[0;32m  OK  [0m] Started OpenBSD Secure Shell server.
[[0;32m  OK  [0m] Started Wait until snapd is fully seeded.
[[0;32m  OK  [0m] Reached target Multi-User System.
[[0;32m  OK  [0m] Reached target Graphical Interface.
         Starting Update UTMP about System Runlevel Changes...
         Starting Apply the settings specified in cloud-config...
[[0;32m  OK  [0m] Started Update UTMP about System Runlevel Changes.
[   10.566964] cloud-init[1310]: Generating locales (this might take a while)...
[   11.479525] cloud-init[1310]:   en_US.UTF-8... done
[   11.489062] cloud-init[1310]: Generation complete.
[   11.743943] cloud-init[1310]: Cloud-init v. 20.4.1-0ubuntu1~16.04.1 running 'modules:config' at Thu, 04 Mar 2021 13:47:26 +0000. Up 10.46 seconds.
[[0;32m  OK  [0m] Started Apply the settings specified in cloud-config.
         Starting Execute cloud user/final scripts...
ci-info: no authorized SSH keys fingerprints found for user ubuntu.
<14>Mar  4 13:47:28 ec2: 
<14>Mar  4 13:47:28 ec2: #############################################################
<14>Mar  4 13:47:28 ec2: -----BEGIN SSH HOST KEY FINGERPRINTS-----
<14>Mar  4 13:47:28 ec2: 1024 SHA256:ufvvICaa+E5XjTD2Xup0++KDfkZigzZ5YqKUZIaniig root@ubuntu-xenial (DSA)
<14>Mar  4 13:47:28 ec2: 256 SHA256:/e7H98oJh1bhvlPtgSq/P9+x1eTucRjhg+mVQCdDkdc root@ubuntu-xenial (ECDSA)
<14>Mar  4 13:47:28 ec2: 256 SHA256:RkZmIdS4oQAigdyPQNfMGK+6I++F8Rjrn1guVy6+u8I root@ubuntu-xenial (ED25519)
<14>Mar  4 13:47:28 ec2: 2048 SHA256:K9lpm9DFPz891D8jRt1vEnC9UwG4m/VqG854k29l/Qs root@ubuntu-xenial (RSA)
<14>Mar  4 13:47:28 ec2: -----END SSH HOST KEY FINGERPRINTS-----
<14>Mar  4 13:47:28 ec2: #############################################################
-----BEGIN SSH HOST KEY KEYS-----
ecdsa-sha2-nistp256 AAAAE2VjZHNhLXNoYTItbmlzdHAyNTYAAAAIbmlzdHAyNTYAAABBBK/IlevdoOWVtLbXhHUH/iCb+qVVXlCBCOmQux9EN/olDx6WZ544QBca1O2MwgrhIViZuSr+/lrxG8U8yHpKT88= root@ubuntu-xenial
ssh-ed25519 AAAAC3NzaC1lZDI1NTE5AAAAILaHfB23TEEaFwmQmGQPznZlZ/f2xyhwgddcxW6NAKyl root@ubuntu-xenial
ssh-rsa AAAAB3NzaC1yc2EAAAADAQABAAABAQCeGHfQo6xMctdPTI6FXHnPDSIKmWZEpN9Rt4ARRnT5Ngid48cDRBDNRn7AhRSbMOc84uqSJ7kJSEoDceBbEtDLgjbYmO6v77FU5FYOpynqal8gSOgGAAcdN1be7lNWKaLNzkqL3E3VgRpTGoCgk8IrTDaipvjuwsRXMm4qQApAd0g5I1rdMCgru32yaEIcTnkr1xKfxkZNJOFkBlgFRHG0Cc14SK2rtEccs4zUXamzj6QvISoymIdX/KdYhfzBcTagQ77Po4LHUHybm3204moZBZG2Ig65a4sVgIlvkAbSK4TAfz4puyRWBTMEladxPayjzdqI85Jg+YtK8a0yPmzB root@ubuntu-xenial
-----END SSH HOST KEY KEYS-----
[   12.264604] cloud-init[1352]: Cloud-init v. 20.4.1-0ubuntu1~16.04.1 running 'modules:final' at Thu, 04 Mar 2021 13:47:27 +0000. Up 12.09 seconds.
[   12.265991] cloud-init[1352]: ci-info: no authorized SSH keys fingerprints found for user ubuntu.
[   12.266923] cloud-init[1352]: Cloud-init v. 20.4.1-0ubuntu1~16.04.1 finished at Thu, 04 Mar 2021 13:47:28 +0000. Datasource DataSourceNoCloud [seed=/dev/sdb][dsmode=net].  Up 12.25 seconds
[[0;32m  OK  [0m] Started Execute cloud user/final scripts.
[[0;32m  OK  [0m] Reached target Cloud-init target.

Ubuntu 16.04.7 LTS ubuntu-xenial ttyS0

ubuntu-xenial login: 